# JRE version: OpenJDK Runtime Environment (7.0_51) (build 1.7.0_51-b00)
# Java VM: OpenJDK 64-Bit Server VM (24.45-b08 mixed mode linux-amd64 compressed oops)
Heap
 PSYoungGen      total 76288K, used 71632K [0x00000007d7000000, 0x00000007dc580000, 0x0000000800000000)
  eden space 71168K, 95% used [0x00000007d7000000,0x00000007db2b24c8,0x00000007db580000)
  from space 5120K, 65% used [0x00000007dc080000,0x00000007dc3c1d18,0x00000007dc580000)
  to   space 8192K, 0% used [0x00000007db580000,0x00000007db580000,0x00000007dbd80000)
 ParOldGen       total 83968K, used 27197K [0x0000000785000000, 0x000000078a200000, 0x00000007d7000000)
  object space 83968K, 32% used [0x0000000785000000,0x0000000786a8f738,0x000000078a200000)
 PSPermGen       total 46592K, used 46481K [0x000000077aa00000, 0x000000077d780000, 0x0000000785000000)
  object space 46592K, 99% used [0x000000077aa00000,0x000000077d764488,0x000000077d780000)
GC Heap History (10 events):
Event: 10784,945 GC heap before
{Heap before GC invocations=16 (full 0):
 PSYoungGen      total 87552K, used 87231K [0x00000007d7000000, 0x00000007dd300000, 0x0000000800000000)
  eden space 83968K, 100% used [0x00000007d7000000,0x00000007dc200000,0x00000007dc200000)
  from space 3584K, 91% used [0x00000007dc500000,0x00000007dc82fef0,0x00000007dc880000)
  to   space 8704K, 0% used [0x00000007dca80000,0x00000007dca80000,0x00000007dd300000)
 ParOldGen       total 83968K, used 22413K [0x0000000785000000, 0x000000078a200000, 0x00000007d7000000)
  object space 83968K, 26% used [0x0000000785000000,0x00000007865e3738,0x000000078a200000)
 PSPermGen       total 43008K, used 42657K [0x000000077aa00000, 0x000000077d400000, 0x0000000785000000)
  object space 43008K, 99% used [0x000000077aa00000,0x000000077d3a8788,0x000000077d400000)
Event: 10784,950 GC heap after
Heap after GC invocations=16 (full 0):
 PSYoungGen      total 87552K, used 4016K [0x00000007d7000000, 0x00000007dd080000, 0x0000000800000000)
  eden space 81408K, 0% used [0x00000007d7000000,0x00000007d7000000,0x00000007dbf80000)
  from space 6144K, 65% used [0x00000007dca80000,0x00000007dce6c0b8,0x00000007dd080000)
  to   space 8704K, 0% used [0x00000007dbf80000,0x00000007dbf80000,0x00000007dc800000)
 ParOldGen       total 83968K, used 23253K [0x0000000785000000, 0x000000078a200000, 0x00000007d7000000)
  object space 83968K, 27% used [0x0000000785000000,0x00000007866b5738,0x000000078a200000)
 PSPermGen       total 43008K, used 42657K [0x000000077aa00000, 0x000000077d400000, 0x0000000785000000)
  object space 43008K, 99% used [0x000000077aa00000,0x000000077d3a8788,0x000000077d400000)
}
Event: 11063,593 GC heap before
{Heap before GC invocations=17 (full 0):
 PSYoungGen      total 87552K, used 85424K [0x00000007d7000000, 0x00000007dd080000, 0x0000000800000000)
  eden space 81408K, 100% used [0x00000007d7000000,0x00000007dbf80000,0x00000007dbf80000)
  from space 6144K, 65% used [0x00000007dca80000,0x00000007dce6c0b8,0x00000007dd080000)
  to   space 8704K, 0% used [0x00000007dbf80000,0x00000007dbf80000,0x00000007dc800000)
 ParOldGen       total 83968K, used 23253K [0x0000000785000000, 0x000000078a200000, 0x00000007d7000000)
  object space 83968K, 27% used [0x0000000785000000,0x00000007866b5738,0x000000078a200000)
 PSPermGen       total 43520K, used 43327K [0x000000077aa00000, 0x000000077d480000, 0x0000000785000000)
  object space 43520K, 99% used [0x000000077aa00000,0x000000077d44fcf0,0x000000077d480000)
Event: 11063,601 GC heap after
Heap after GC invocations=17 (full 0):
 PSYoungGen      total 82432K, used 3470K [0x00000007d7000000, 0x00000007dce00000, 0x0000000800000000)
  eden space 78848K, 0% used [0x00000007d7000000,0x00000007d7000000,0x00000007dbd00000)
  from space 3584K, 96% used [0x00000007dbf80000,0x00000007dc2e3a98,0x00000007dc300000)
  to   space 8704K, 0% used [0x00000007dc580000,0x00000007dc580000,0x00000007dce00000)
 ParOldGen       total 83968K, used 24045K [0x0000000785000000, 0x000000078a200000, 0x00000007d7000000)
  object space 83968K, 28% used [0x0000000785000000,0x000000078677b738,0x000000078a200000)
 PSPermGen       total 43520K, used 43327K [0x000000077aa00000, 0x000000077d480000, 0x0000000785000000)
  object space 43520K, 99% used [0x000000077aa00000,0x000000077d44fcf0,0x000000077d480000)
}
Event: 11480,527 GC heap before
{Heap before GC invocations=18 (full 0):
 PSYoungGen      total 82432K, used 82318K [0x00000007d7000000, 0x00000007dce00000, 0x0000000800000000)
  eden space 78848K, 100% used [0x00000007d7000000,0x00000007dbd00000,0x00000007dbd00000)
  from space 3584K, 96% used [0x00000007dbf80000,0x00000007dc2e3a98,0x00000007dc300000)
  to   space 8704K, 0% used [0x00000007dc580000,0x00000007dc580000,0x00000007dce00000)
 ParOldGen       total 83968K, used 24045K [0x0000000785000000, 0x000000078a200000, 0x00000007d7000000)
  object space 83968K, 28% used [0x0000000785000000,0x000000078677b738,0x000000078a200000)
 PSPermGen       total 44544K, used 44310K [0x000000077aa00000, 0x000000077d580000, 0x0000000785000000)
  object space 44544K, 99% used [0x000000077aa00000,0x000000077d545b18,0x000000077d580000)
Event: 11480,533 GC heap after
Heap after GC invocations=18 (full 0):
 PSYoungGen      total 82432K, used 3466K [0x00000007d7000000, 0x00000007dcb80000, 0x0000000800000000)
  eden space 76288K, 0% used [0x00000007d7000000,0x00000007d7000000,0x00000007dba80000)
  from space 6144K, 56% used [0x00000007dc580000,0x00000007dc8e28c8,0x00000007dcb80000)
  to   space 8704K, 0% used [0x00000007dba80000,0x00000007dba80000,0x00000007dc300000)
 ParOldGen       total 83968K, used 25029K [0x0000000785000000, 0x000000078a200000, 0x00000007d7000000)
  object space 83968K, 29% used [0x0000000785000000,0x0000000786871738,0x000000078a200000)
 PSPermGen       total 44544K, used 44310K [0x000000077aa00000, 0x000000077d580000, 0x0000000785000000)
  object space 44544K, 99% used [0x000000077aa00000,0x000000077d545b18,0x000000077d580000)
}
Event: 12421,332 GC heap before
{Heap before GC invocations=19 (full 0):
 PSYoungGen      total 82432K, used 79754K [0x00000007d7000000, 0x00000007dcb80000, 0x0000000800000000)
  eden space 76288K, 100% used [0x00000007d7000000,0x00000007dba80000,0x00000007dba80000)
  from space 6144K, 56% used [0x00000007dc580000,0x00000007dc8e28c8,0x00000007dcb80000)
  to   space 8704K, 0% used [0x00000007dba80000,0x00000007dba80000,0x00000007dc300000)
 ParOldGen       total 83968K, used 25029K [0x0000000785000000, 0x000000078a200000, 0x00000007d7000000)
  object space 83968K, 29% used [0x0000000785000000,0x0000000786871738,0x000000078a200000)
 PSPermGen       total 45568K, used 45170K [0x000000077aa00000, 0x000000077d680000, 0x0000000785000000)
  object space 45568K, 99% used [0x000000077aa00000,0x000000077d61c948,0x000000077d680000)
Event: 12421,338 GC heap after
Heap after GC invocations=19 (full 0):
 PSYoungGen      total 77824K, used 3620K [0x00000007d7000000, 0x00000007dc900000, 0x0000000800000000)
  eden space 73728K, 0% used [0x00000007d7000000,0x00000007d7000000,0x00000007db800000)
  from space 4096K, 88% used [0x00000007dba80000,0x00000007dbe09138,0x00000007dbe80000)
  to   space 8704K, 0% used [0x00000007dc080000,0x00000007dc080000,0x00000007dc900000)
 ParOldGen       total 83968K, used 26053K [0x0000000785000000, 0x000000078a200000, 0x00000007d7000000)
  object space 83968K, 31% used [0x0000000785000000,0x0000000786971738,0x000000078a200000)
 PSPermGen       total 45568K, used 45170K [0x000000077aa00000, 0x000000077d680000, 0x0000000785000000)
  object space 45568K, 99% used [0x000000077aa00000,0x000000077d61c948,0x000000077d680000)
}
Event: 13279,554 GC heap before
{Heap before GC invocations=20 (full 0):
 PSYoungGen      total 77824K, used 77348K [0x00000007d7000000, 0x00000007dc900000, 0x0000000800000000)
  eden space 73728K, 100% used [0x00000007d7000000,0x00000007db800000,0x00000007db800000)
  from space 4096K, 88% used [0x00000007dba80000,0x00000007dbe09138,0x00000007dbe80000)
  to   space 8704K, 0% used [0x00000007dc080000,0x00000007dc080000,0x00000007dc900000)
 ParOldGen       total 83968K, used 26053K [0x0000000785000000, 0x000000078a200000, 0x00000007d7000000)
  object space 83968K, 31% used [0x0000000785000000,0x0000000786971738,0x000000078a200000)
 PSPermGen       total 46592K, used 46151K [0x000000077aa00000, 0x000000077d780000, 0x0000000785000000)
  object space 46592K, 99% used [0x000000077aa00000,0x000000077d711d78,0x000000077d780000)
Event: 13279,561 GC heap after
Heap after GC invocations=20 (full 0):
 PSYoungGen      total 76288K, used 3335K [0x00000007d7000000, 0x00000007dc580000, 0x0000000800000000)
  eden space 71168K, 0% used [0x00000007d7000000,0x00000007d7000000,0x00000007db580000)
  from space 5120K, 65% used [0x00000007dc080000,0x00000007dc3c1d18,0x00000007dc580000)
  to   space 8192K, 0% used [0x00000007db580000,0x00000007db580000,0x00000007dbd80000)
 ParOldGen       total 83968K, used 27197K [0x0000000785000000, 0x000000078a200000, 0x00000007d7000000)
  object space 83968K, 32% used [0x0000000785000000,0x0000000786a8f738,0x000000078a200000)
 PSPermGen       total 46592K, used 46151K [0x000000077aa00000, 0x000000077d780000, 0x0000000785000000)
  object space 46592K, 99% used [0x000000077aa00000,0x000000077d711d78,0x000000077d780000)
}

